#
# There is insufficient memory for the Java Runtime Environment to continue.
# Native memory allocation (mmap) failed to map 132120576 bytes for Failed to commit area from 0x0000000082000000 to 0x0000000089e00000 of length 132120576.
# Possible reasons:
#   The system is out of physical RAM or swap space
#   The process is running with CompressedOops enabled, and the Java Heap may be blocking the growth of the native heap
# Possible solutions:
#   Reduce memory load on the system
#   Increase physical memory or swap space
#   Check if swap backing store is full
#   Decrease Java heap size (-Xmx/-Xms)
#   Decrease number of Java threads
#   Decrease Java thread stack sizes (-Xss)
#   Set larger code cache with -XX:ReservedCodeCacheSize=
# This output file may be truncated or incomplete.
#
#  Out of Memory Error (t:/workspace/open/src/hotspot/os/windows/os_windows.cpp:3269), pid=32416, tid=32428
#
# JRE version:  (11.0.2+9) (build )
# Java VM: Java HotSpot(TM) 64-Bit Server VM (11.0.2+9-LTS, mixed mode, aot, sharing, tiered, compressed oops, g1 gc, windows-amd64)
# No core dump will be written. Minidumps are not enabled by default on client versions of Windows
#

---------------  S U M M A R Y ------------

Command Line: -Dfile.encoding=GBK applications.AtomStructureUI

Host: Intel(R) Core(TM) i5-7300HQ CPU @ 2.50GHz, 4 cores, 7G,  Windows 10 , 64 bit Build 17134 (10.0.17134.706)
Time: Mon Apr 29 20:33:33 2019 ?D1¨²¡À¨º¡Á?¨º¡À?? elapsed time: 0 seconds (0d 0h 0m 0s)

---------------  T H R E A D  ---------------

Current thread (0x0000021957ecf000):  JavaThread "Unknown thread" [_thread_in_vm, id=32428, stack(0x000000c491b00000,0x000000c491c00000)]

Stack: [0x000000c491b00000,0x000000c491c00000]
Native frames: (J=compiled Java code, j=interpreted, Vv=VM code, C=native code)
V  [jvm.dll+0x63574a]
V  [jvm.dll+0x77326f]
V  [jvm.dll+0x77491a]
V  [jvm.dll+0x774fd3]
V  [jvm.dll+0x25e418]
V  [jvm.dll+0x632c0a]
V  [jvm.dll+0x627645]
V  [jvm.dll+0x314e7c]
V  [jvm.dll+0x314d02]
V  [jvm.dll+0x31a576]
V  [jvm.dll+0x36635f]
V  [jvm.dll+0x365d80]
V  [jvm.dll+0x2f19f8]
V  [jvm.dll+0x2f2b56]
V  [jvm.dll+0x74c817]
V  [jvm.dll+0x74df5f]
V  [jvm.dll+0x373179]
V  [jvm.dll+0x732eb9]
V  [jvm.dll+0x3e295d]
V  [jvm.dll+0x3e4c61]
C  [javaw.exe+0x3617]
C  [javaw.exe+0x17e2c]
C  [KERNEL32.DLL+0x14034]
C  [ntdll.dll+0x73691]


---------------  P R O C E S S  ---------------

Threads class SMR info:
_java_thread_list=0x0000021955e32ed0, length=0, elements={
}

Java Threads: ( => current thread )

Other Threads:
  0x0000021957ee4800 GCTaskThread "GC Thread#0" [stack: 0x000000c491c00000,0x000000c491d00000] [id=32588]
  0x0000021957f14000 ConcurrentGCThread "G1 Main Marker" [stack: 0x000000c491d00000,0x000000c491e00000] [id=32584]
  0x0000021957f16000 ConcurrentGCThread "G1 Conc#0" [stack: 0x000000c491e00000,0x000000c491f00000] [id=29352]

[error occurred during error reporting (printing all threads), id 0xc0000005, EXCEPTION_ACCESS_VIOLATION (0xc0000005) at pc=0x00007ffcded30197]

VM state:not at safepoint (not fully initialized)

VM Mutex/Monitor currently owned by a thread:  ([mutex/lock_event])
[0x0000021957ece610] Heap_lock - owner thread: 0x0000021957ecf000

Heap address: 0x0000000082000000, size: 2016 MB, Compressed Oops mode: Non-zero based: 0x0000000082000000
Narrow klass base: 0x0000000000000000, Narrow klass shift: 0

GC Heap History (0 events):
No events

Deoptimization events (0 events):
No events

Classes redefined (0 events):
No events

Internal exceptions (0 events):
No events

Events (0 events):
No events


Dynamic libraries:
0x00007ff614000000 - 0x00007ff614047000 	C:\Program Files\Java\jdk-11.0.2\bin\javaw.exe
0x00007ffd36980000 - 0x00007ffd36b61000 	C:\WINDOWS\SYSTEM32\ntdll.dll
0x00007ffd34770000 - 0x00007ffd34821000 	C:\WINDOWS\System32\KERNEL32.DLL
0x00007ffd339f0000 - 0x00007ffd33c63000 	C:\WINDOWS\System32\KERNELBASE.dll
0x00007ffd34580000 - 0x00007ffd34621000 	C:\WINDOWS\System32\ADVAPI32.dll
0x00007ffd368b0000 - 0x00007ffd3694e000 	C:\WINDOWS\System32\msvcrt.dll
0x00007ffd34840000 - 0x00007ffd3489b000 	C:\WINDOWS\System32\sechost.dll
0x00007ffd34640000 - 0x00007ffd34764000 	C:\WINDOWS\System32\RPCRT4.dll
0x00007ffd36340000 - 0x00007ffd364d0000 	C:\WINDOWS\System32\USER32.dll
0x00007ffd339d0000 - 0x00007ffd339f0000 	C:\WINDOWS\System32\win32u.dll
0x00007ffd34c90000 - 0x00007ffd34cb8000 	C:\WINDOWS\System32\GDI32.dll
0x00007ffd33640000 - 0x00007ffd337d2000 	C:\WINDOWS\System32\gdi32full.dll
0x00007ffd33c70000 - 0x00007ffd33d0f000 	C:\WINDOWS\System32\msvcp_win.dll
0x00007ffd33d10000 - 0x00007ffd33e08000 	C:\WINDOWS\System32\ucrtbase.dll
0x00007ffd26b80000 - 0x00007ffd26de9000 	C:\WINDOWS\WinSxS\amd64_microsoft.windows.common-controls_6595b64144ccf1df_6.0.17134.706_none_fb43a2cb30647007\COMCTL32.dll
0x00007ffd364d0000 - 0x00007ffd367f2000 	C:\WINDOWS\System32\combase.dll
0x00007ffd26df0000 - 0x00007ffd26dfa000 	C:\WINDOWS\SYSTEM32\VERSION.dll
0x00007ffd32db0000 - 0x00007ffd32e2a000 	C:\WINDOWS\System32\bcryptPrimitives.dll
0x00007ffd34b00000 - 0x00007ffd34b2d000 	C:\WINDOWS\System32\IMM32.DLL
0x00007ffd2b350000 - 0x00007ffd2b366000 	C:\Program Files\Java\jdk-11.0.2\bin\vcruntime140.dll
0x00007ffd190f0000 - 0x00007ffd1919a000 	C:\Program Files\Java\jdk-11.0.2\bin\msvcp140.dll
0x00007ffcdea30000 - 0x00007ffcdf557000 	C:\Program Files\Java\jdk-11.0.2\bin\server\jvm.dll
0x00007ffd361f0000 - 0x00007ffd361f8000 	C:\WINDOWS\System32\PSAPI.DLL
0x00007ffd217f0000 - 0x00007ffd217f9000 	C:\WINDOWS\SYSTEM32\WSOCK32.dll
0x00007ffd348a0000 - 0x00007ffd3490c000 	C:\WINDOWS\System32\WS2_32.dll
0x00007ffd302f0000 - 0x00007ffd30313000 	C:\WINDOWS\SYSTEM32\WINMM.dll
0x00007ffd30590000 - 0x00007ffd305ba000 	C:\WINDOWS\SYSTEM32\WINMMBASE.dll
0x00007ffd32e30000 - 0x00007ffd32e79000 	C:\WINDOWS\System32\cfgmgr32.dll
0x00007ffd32cf0000 - 0x00007ffd32d01000 	C:\WINDOWS\System32\kernel.appcore.dll
0x00007ffd2e1b0000 - 0x00007ffd2e1c1000 	C:\Program Files\Java\jdk-11.0.2\bin\verify.dll
0x00007ffd316a0000 - 0x00007ffd31869000 	C:\WINDOWS\SYSTEM32\DBGHELP.DLL
0x00007ffd29730000 - 0x00007ffd29759000 	C:\WINDOWS\SYSTEM32\dbgcore.DLL
0x00007ffd2da00000 - 0x00007ffd2da29000 	C:\Program Files\Java\jdk-11.0.2\bin\java.dll
0x00007ffd2dd80000 - 0x00007ffd2dd96000 	C:\Program Files\Java\jdk-11.0.2\bin\zip.dll
0x00007ffd2d200000 - 0x00007ffd2d20a000 	C:\Program Files\Java\jdk-11.0.2\bin\jimage.dll

dbghelp: loaded successfully - version: 4.0.5 - missing functions: none
symbol engine: initialized successfully - sym options: 0x614 - pdb path: .;C:\Program Files\Java\jdk-11.0.2\bin;C:\WINDOWS\SYSTEM32;C:\WINDOWS\WinSxS\amd64_microsoft.windows.common-controls_6595b64144ccf1df_6.0.17134.706_none_fb43a2cb30647007;C:\Program Files\Java\jdk-11.0.2\bin\server

VM Arguments:
jvm_args: -Dfile.encoding=GBK 
java_command: applications.AtomStructureUI
java_class_path (initial): D:\eclipse\Lab3-1170300320\bin
Launcher Type: SUN_STANDARD

[Global flags]
     intx CICompilerCount                          = 3                                         {product} {ergonomic}
     uint ConcGCThreads                            = 1                                         {product} {ergonomic}
     uint G1ConcRefinementThreads                  = 4                                         {product} {ergonomic}
   size_t G1HeapRegionSize                         = 1048576                                   {product} {ergonomic}
    uintx GCDrainStackTargetSize                   = 64                                        {product} {ergonomic}
   size_t InitialHeapSize                          = 132120576                                 {product} {ergonomic}
   size_t MarkStackSize                            = 4194304                                   {product} {ergonomic}
   size_t MaxHeapSize                              = 2113929216                                {product} {ergonomic}
   size_t MinHeapDeltaBytes                        = 1048576                                   {product} {ergonomic}
    uintx NonNMethodCodeHeapSize                   = 5830092                                {pd product} {ergonomic}
    uintx NonProfiledCodeHeapSize                  = 122914074                              {pd product} {ergonomic}
    uintx ProfiledCodeHeapSize                     = 122914074                              {pd product} {ergonomic}
    uintx ReservedCodeCacheSize                    = 251658240                              {pd product} {ergonomic}
     bool SegmentedCodeCache                       = true                                      {product} {ergonomic}
     bool UseCompressedClassPointers               = true                                 {lp64_product} {ergonomic}
     bool UseCompressedOops                        = true                                 {lp64_product} {ergonomic}
     bool UseG1GC                                  = true                                      {product} {ergonomic}
     bool UseLargePagesIndividualAllocation        = false                                  {pd product} {ergonomic}

Logging:
Log output configuration:
 #0: stdout all=warning uptime,level,tags
 #1: stderr all=off uptime,level,tags

Environment Variables:
PATH=C:/Program Files/Java/jdk-11.0.2/bin/server;C:/Program Files/Java/jdk-11.0.2/bin;C:\Program Files (x86)\Intel\iCLS Client\;C:\Program Files\Intel\iCLS Client\;C:\Windows\system32;C:\Windows;C:\Windows\System32\Wbem;C:\Windows\System32\WindowsPowerShell\v1.0\;C:\Program Files (x86)\Intel\Intel(R) Management Engine Components\DAL;C:\Program Files\Intel\Intel(R) Management Engine Components\DAL;C:\Program Files (x86)\Intel\Intel(R) Management Engine Components\IPT;C:\Program Files\Intel\Intel(R) Management Engine Components\IPT;C:\Program Files\Intel\WiFi\bin\;C:\Program Files\Common Files\Intel\WirelessCommon\;C:\Program Files (x86)\NVIDIA Corporation\PhysX\Common;C:\WINDOWS\system32;C:\WINDOWS;C:\WINDOWS\System32\Wbem;C:\WINDOWS\System32\WindowsPowerShell\v1.0\;C:\WINDOWS\System32\OpenSSH\;D:\Git\cmd;C:\Users\14854\AppData\Local\Microsoft\WindowsApps;C:\Users\14854\AppData\Local\GitHubDesktop\bin;C:\Users\14854\Desktop;
USERNAME=14854
OS=Windows_NT
PROCESSOR_IDENTIFIER=Intel64 Family 6 Model 158 Stepping 9, GenuineIntel



---------------  S Y S T E M  ---------------

OS: Windows 10 , 64 bit Build 17134 (10.0.17134.706)

CPU:total 4 (initial active 4) (4 cores per cpu, 1 threads per core) family 6 model 158 stepping 9, cmov, cx8, fxsr, mmx, sse, sse2, sse3, ssse3, sse4.1, sse4.2, popcnt, avx, avx2, aes, clmul, erms, 3dnowpref, lzcnt, tsc, tscinvbit, bmi1, bmi2, adx, fma

Memory: 4k page, system-wide physical 8058M (2189M free)
TotalPageFile size 23229M (AvailPageFile size 91M)
current process WorkingSet (physical memory assigned to process): 9M, peak: 9M
current process commit charge ("private bytes"): 51M, peak: 177M

vm_info: Java HotSpot(TM) 64-Bit Server VM (11.0.2+9-LTS) for windows-amd64 JRE (11.0.2+9-LTS), built on Jan 18 2019 05:24:10 by "mach5one" with MS VC++ 15.5 (VS2017)

END.
