#
# There is insufficient memory for the Java Runtime Environment to continue.
# Native memory allocation (mmap) failed to map 132120576 bytes for Failed to commit area from 0x0000000082000000 to 0x0000000089e00000 of length 132120576.
# Possible reasons:
#   The system is out of physical RAM or swap space
#   The process is running with CompressedOops enabled, and the Java Heap may be blocking the growth of the native heap
# Possible solutions:
#   Reduce memory load on the system
#   Increase physical memory or swap space
#   Check if swap backing store is full
#   Decrease Java heap size (-Xmx/-Xms)
#   Decrease number of Java threads
#   Decrease Java thread stack sizes (-Xss)
#   Set larger code cache with -XX:ReservedCodeCacheSize=
# This output file may be truncated or incomplete.
#
#  Out of Memory Error (t:/workspace/open/src/hotspot/os/windows/os_windows.cpp:3269), pid=11600, tid=6744
#
# JRE version:  (11.0.2+9) (build )
# Java VM: Java HotSpot(TM) 64-Bit Server VM (11.0.2+9-LTS, mixed mode, aot, sharing, tiered, compressed oops, g1 gc, windows-amd64)
# No core dump will be written. Minidumps are not enabled by default on client versions of Windows
#

---------------  S U M M A R Y ------------

Command Line: -Dfile.encoding=GBK applications.SocialNetworkCircleUI

Host: Intel(R) Core(TM) i5-7300HQ CPU @ 2.50GHz, 4 cores, 7G,  Windows 10 , 64 bit Build 17134 (10.0.17134.706)
Time: Sun May  5 12:18:27 2019 ?D1¨²¡À¨º¡Á?¨º¡À?? elapsed time: 0 seconds (0d 0h 0m 0s)

---------------  T H R E A D  ---------------

Current thread (0x0000022d0a060800):  JavaThread "Unknown thread" [_thread_in_vm, id=6744, stack(0x0000007198400000,0x0000007198500000)]

Stack: [0x0000007198400000,0x0000007198500000]
Native frames: (J=compiled Java code, j=interpreted, Vv=VM code, C=native code)
V  [jvm.dll+0x63574a]
V  [jvm.dll+0x77326f]
V  [jvm.dll+0x77491a]
V  [jvm.dll+0x774fd3]
V  [jvm.dll+0x25e418]
V  [jvm.dll+0x632c0a]
V  [jvm.dll+0x627645]
V  [jvm.dll+0x314e7c]
V  [jvm.dll+0x314d02]
V  [jvm.dll+0x31a576]
V  [jvm.dll+0x36635f]
V  [jvm.dll+0x365d80]
V  [jvm.dll+0x2f19f8]
V  [jvm.dll+0x2f2b56]
V  [jvm.dll+0x74c817]
V  [jvm.dll+0x74df5f]
V  [jvm.dll+0x373179]
V  [jvm.dll+0x732eb9]
V  [jvm.dll+0x3e295d]
V  [jvm.dll+0x3e4c61]
C  [javaw.exe+0x3617]
C  [javaw.exe+0x17e2c]
C  [KERNEL32.DLL+0x14034]
C  [ntdll.dll+0x73691]


---------------  P R O C E S S  ---------------

Threads class SMR info:
_java_thread_list=0x0000022d07f63410, length=0, elements={
}

Java Threads: ( => current thread )

Other Threads:
  0x0000022d0a075800 GCTaskThread "GC Thread#0" [stack: 0x0000007198500000,0x0000007198600000] [id=8120]
  0x0000022d0a0a5800 ConcurrentGCThread "G1 Main Marker" [stack: 0x0000007198600000,0x0000007198700000] [id=11640]
  0x0000022d0a0a8000 ConcurrentGCThread "G1 Conc#0" [stack: 0x0000007198700000,0x0000007198800000] [id=9716]

[error occurred during error reporting (printing all threads), id 0xc0000005, EXCEPTION_ACCESS_VIOLATION (0xc0000005) at pc=0x00007fff21e80197]

VM state:not at safepoint (not fully initialized)

VM Mutex/Monitor currently owned by a thread:  ([mutex/lock_event])
[0x0000022d0a05e180] Heap_lock - owner thread: 0x0000022d0a060800

Heap address: 0x0000000082000000, size: 2016 MB, Compressed Oops mode: Non-zero based: 0x0000000082000000
Narrow klass base: 0x0000000000000000, Narrow klass shift: 0

GC Heap History (0 events):
No events

Deoptimization events (0 events):
No events

Classes redefined (0 events):
No events

Internal exceptions (0 events):
No events

Events (0 events):
No events


Dynamic libraries:
0x00007ff7db750000 - 0x00007ff7db797000 	C:\Program Files\Java\jdk-11.0.2\bin\javaw.exe
0x00007fff87580000 - 0x00007fff87761000 	C:\WINDOWS\SYSTEM32\ntdll.dll
0x00007fff84a80000 - 0x00007fff84b31000 	C:\WINDOWS\System32\KERNEL32.DLL
0x00007fff84300000 - 0x00007fff84573000 	C:\WINDOWS\System32\KERNELBASE.dll
0x00007fff854d0000 - 0x00007fff85571000 	C:\WINDOWS\System32\ADVAPI32.dll
0x00007fff85600000 - 0x00007fff8569e000 	C:\WINDOWS\System32\msvcrt.dll
0x00007fff84dd0000 - 0x00007fff84e2b000 	C:\WINDOWS\System32\sechost.dll
0x00007fff87010000 - 0x00007fff87134000 	C:\WINDOWS\System32\RPCRT4.dll
0x00007fff87140000 - 0x00007fff872d0000 	C:\WINDOWS\System32\USER32.dll
0x00007fff83950000 - 0x00007fff83970000 	C:\WINDOWS\System32\win32u.dll
0x00007fff873a0000 - 0x00007fff873c8000 	C:\WINDOWS\System32\GDI32.dll
0x00007fff847d0000 - 0x00007fff84962000 	C:\WINDOWS\System32\gdi32full.dll
0x00007fff84970000 - 0x00007fff84a0f000 	C:\WINDOWS\System32\msvcp_win.dll
0x00007fff83af0000 - 0x00007fff83be8000 	C:\WINDOWS\System32\ucrtbase.dll
0x00007fff74cd0000 - 0x00007fff74f39000 	C:\WINDOWS\WinSxS\amd64_microsoft.windows.common-controls_6595b64144ccf1df_6.0.17134.706_none_fb43a2cb30647007\COMCTL32.dll
0x00007fff74a00000 - 0x00007fff74a0a000 	C:\WINDOWS\SYSTEM32\VERSION.dll
0x00007fff858a0000 - 0x00007fff85bc2000 	C:\WINDOWS\System32\combase.dll
0x00007fff83970000 - 0x00007fff839ea000 	C:\WINDOWS\System32\bcryptPrimitives.dll
0x00007fff85490000 - 0x00007fff854bd000 	C:\WINDOWS\System32\IMM32.DLL
0x00007fff7ea50000 - 0x00007fff7ea66000 	C:\Program Files\Java\jdk-11.0.2\bin\vcruntime140.dll
0x00007fff7d220000 - 0x00007fff7d2ca000 	C:\Program Files\Java\jdk-11.0.2\bin\msvcp140.dll
0x00007fff21b80000 - 0x00007fff226a7000 	C:\Program Files\Java\jdk-11.0.2\bin\server\jvm.dll
0x00007fff855f0000 - 0x00007fff855f8000 	C:\WINDOWS\System32\PSAPI.DLL
0x00007fff710d0000 - 0x00007fff710d9000 	C:\WINDOWS\SYSTEM32\WSOCK32.dll
0x00007fff816e0000 - 0x00007fff81703000 	C:\WINDOWS\SYSTEM32\WINMM.dll
0x00007fff84a10000 - 0x00007fff84a7c000 	C:\WINDOWS\System32\WS2_32.dll
0x00007fff81570000 - 0x00007fff8159a000 	C:\WINDOWS\SYSTEM32\WINMMBASE.dll
0x00007fff839f0000 - 0x00007fff83a39000 	C:\WINDOWS\System32\cfgmgr32.dll
0x00007fff83910000 - 0x00007fff83921000 	C:\WINDOWS\System32\kernel.appcore.dll
0x00007fff7db00000 - 0x00007fff7db11000 	C:\Program Files\Java\jdk-11.0.2\bin\verify.dll
0x00007fff82290000 - 0x00007fff82459000 	C:\WINDOWS\SYSTEM32\DBGHELP.DLL
0x00007fff6c490000 - 0x00007fff6c4b9000 	C:\WINDOWS\SYSTEM32\dbgcore.DLL
0x00007fff79960000 - 0x00007fff79989000 	C:\Program Files\Java\jdk-11.0.2\bin\java.dll
0x00007fff5cd10000 - 0x00007fff5cd26000 	C:\Program Files\Java\jdk-11.0.2\bin\zip.dll
0x00007fff7ded0000 - 0x00007fff7deda000 	C:\Program Files\Java\jdk-11.0.2\bin\jimage.dll

dbghelp: loaded successfully - version: 4.0.5 - missing functions: none
symbol engine: initialized successfully - sym options: 0x614 - pdb path: .;C:\Program Files\Java\jdk-11.0.2\bin;C:\WINDOWS\SYSTEM32;C:\WINDOWS\WinSxS\amd64_microsoft.windows.common-controls_6595b64144ccf1df_6.0.17134.706_none_fb43a2cb30647007;C:\Program Files\Java\jdk-11.0.2\bin\server

VM Arguments:
jvm_args: -Dfile.encoding=GBK 
java_command: applications.SocialNetworkCircleUI
java_class_path (initial): D:\eclipse\Lab3-1170300320\bin;C:\Users\14854\.p2\pool\plugins\org.junit_4.12.0.v201504281640\junit.jar;C:\Users\14854\.p2\pool\plugins\org.hamcrest.core_1.3.0.v20180420-1519.jar
Launcher Type: SUN_STANDARD

[Global flags]
     intx CICompilerCount                          = 3                                         {product} {ergonomic}
     uint ConcGCThreads                            = 1                                         {product} {ergonomic}
     uint G1ConcRefinementThreads                  = 4                                         {product} {ergonomic}
   size_t G1HeapRegionSize                         = 1048576                                   {product} {ergonomic}
    uintx GCDrainStackTargetSize                   = 64                                        {product} {ergonomic}
   size_t InitialHeapSize                          = 132120576                                 {product} {ergonomic}
   size_t MarkStackSize                            = 4194304                                   {product} {ergonomic}
   size_t MaxHeapSize                              = 2113929216                                {product} {ergonomic}
   size_t MinHeapDeltaBytes                        = 1048576                                   {product} {ergonomic}
    uintx NonNMethodCodeHeapSize                   = 5830092                                {pd product} {ergonomic}
    uintx NonProfiledCodeHeapSize                  = 122914074                              {pd product} {ergonomic}
    uintx ProfiledCodeHeapSize                     = 122914074                              {pd product} {ergonomic}
    uintx ReservedCodeCacheSize                    = 251658240                              {pd product} {ergonomic}
     bool SegmentedCodeCache                       = true                                      {product} {ergonomic}
     bool UseCompressedClassPointers               = true                                 {lp64_product} {ergonomic}
     bool UseCompressedOops                        = true                                 {lp64_product} {ergonomic}
     bool UseG1GC                                  = true                                      {product} {ergonomic}
     bool UseLargePagesIndividualAllocation        = false                                  {pd product} {ergonomic}

Logging:
Log output configuration:
 #0: stdout all=warning uptime,level,tags
 #1: stderr all=off uptime,level,tags

Environment Variables:
PATH=C:/Program Files/Java/jdk-11.0.2/bin/server;C:/Program Files/Java/jdk-11.0.2/bin;C:\Program Files (x86)\Intel\iCLS Client\;C:\Program Files\Intel\iCLS Client\;C:\Windows\system32;C:\Windows;C:\Windows\System32\Wbem;C:\Windows\System32\WindowsPowerShell\v1.0\;C:\Program Files (x86)\Intel\Intel(R) Management Engine Components\DAL;C:\Program Files\Intel\Intel(R) Management Engine Components\DAL;C:\Program Files (x86)\Intel\Intel(R) Management Engine Components\IPT;C:\Program Files\Intel\Intel(R) Management Engine Components\IPT;C:\Program Files\Intel\WiFi\bin\;C:\Program Files\Common Files\Intel\WirelessCommon\;C:\Program Files (x86)\NVIDIA Corporation\PhysX\Common;C:\WINDOWS\system32;C:\WINDOWS;C:\WINDOWS\System32\Wbem;C:\WINDOWS\System32\WindowsPowerShell\v1.0\;C:\WINDOWS\System32\OpenSSH\;D:\Git\cmd;C:\Users\14854\AppData\Local\Microsoft\WindowsApps;C:\Users\14854\AppData\Local\GitHubDesktop\bin;C:\Users\14854\Desktop;
USERNAME=14854
OS=Windows_NT
PROCESSOR_IDENTIFIER=Intel64 Family 6 Model 158 Stepping 9, GenuineIntel



---------------  S Y S T E M  ---------------

OS: Windows 10 , 64 bit Build 17134 (10.0.17134.706)

CPU:total 4 (initial active 4) (4 cores per cpu, 1 threads per core) family 6 model 158 stepping 9, cmov, cx8, fxsr, mmx, sse, sse2, sse3, ssse3, sse4.1, sse4.2, popcnt, avx, avx2, aes, clmul, erms, 3dnowpref, lzcnt, tsc, tscinvbit, bmi1, bmi2, adx, fma

Memory: 4k page, system-wide physical 8058M (441M free)
TotalPageFile size 23211M (AvailPageFile size 46M)
current process WorkingSet (physical memory assigned to process): 9M, peak: 9M
current process commit charge ("private bytes"): 51M, peak: 177M

vm_info: Java HotSpot(TM) 64-Bit Server VM (11.0.2+9-LTS) for windows-amd64 JRE (11.0.2+9-LTS), built on Jan 18 2019 05:24:10 by "mach5one" with MS VC++ 15.5 (VS2017)

END.
