#
# There is insufficient memory for the Java Runtime Environment to continue.
# Native memory allocation (malloc) failed to allocate 438176 bytes for Chunk::new
# Possible reasons:
#   The system is out of physical RAM or swap space
#   The process is running with CompressedOops enabled, and the Java Heap may be blocking the growth of the native heap
# Possible solutions:
#   Reduce memory load on the system
#   Increase physical memory or swap space
#   Check if swap backing store is full
#   Decrease Java heap size (-Xmx/-Xms)
#   Decrease number of Java threads
#   Decrease Java thread stack sizes (-Xss)
#   Set larger code cache with -XX:ReservedCodeCacheSize=
#   JVM is running with Unscaled Compressed Oops mode in which the Java heap is
#     placed in the first 4GB address space. The Java Heap base address is the
#     maximum limit for the native heap growth. Please use -XX:HeapBaseMinAddress
#     to set the Java Heap base and to place the Java Heap above 4GB virtual address.
# This output file may be truncated or incomplete.
#
#  Out of Memory Error (t:/workspace/open/src/hotspot/share/memory/arena.cpp:197), pid=24984, tid=24884
#
# JRE version: Java(TM) SE Runtime Environment (11.0.2+9) (build 11.0.2+9-LTS)
# Java VM: Java HotSpot(TM) 64-Bit Server VM (11.0.2+9-LTS, mixed mode, tiered, compressed oops, g1 gc, windows-amd64)
# No core dump will be written. Minidumps are not enabled by default on client versions of Windows
#

---------------  S U M M A R Y ------------

Command Line: -Dfile.encoding=GBK applications.AtomStructureUI

Host: Intel(R) Core(TM) i5-7300HQ CPU @ 2.50GHz, 4 cores, 7G,  Windows 10 , 64 bit Build 17134 (10.0.17134.753)
Time: Fri May 17 22:21:12 2019 ?D1¨²¡À¨º¡Á?¨º¡À?? elapsed time: 0 seconds (0d 0h 0m 0s)

---------------  T H R E A D  ---------------

Current thread (0x000001e63f879000):  JavaThread "C2 CompilerThread0" daemon [_thread_in_native, id=24884, stack(0x00000057e0300000,0x00000057e0400000)]


Current CompileTask:
C2:    517  680       4       jdk.internal.org.objectweb.asm.Frame::execute (2264 bytes)

Stack: [0x00000057e0300000,0x00000057e0400000]
Native frames: (J=compiled Java code, j=interpreted, Vv=VM code, C=native code)
V  [jvm.dll+0x63574a]
V  [jvm.dll+0x77326f]
V  [jvm.dll+0x77491a]
V  [jvm.dll+0x774fd3]
V  [jvm.dll+0x25e418]
V  [jvm.dll+0xc2141]
V  [jvm.dll+0xc26dc]
V  [jvm.dll+0x2cf274]
V  [jvm.dll+0x55235f]
V  [jvm.dll+0x219c1b]
V  [jvm.dll+0x2172c6]
V  [jvm.dll+0x194200]
V  [jvm.dll+0x2263af]
V  [jvm.dll+0x2249b8]
V  [jvm.dll+0x738a9d]
V  [jvm.dll+0x6347f2]
C  [ucrtbase.dll+0x1e3fe]
C  [KERNEL32.DLL+0x14034]
C  [ntdll.dll+0x73691]


---------------  P R O C E S S  ---------------

Threads class SMR info:
_java_thread_list=0x000001e640665060, length=13, elements={
0x000001e62155f800, 0x000001e63f84b800, 0x000001e63f855800, 0x000001e6400d3000,
0x000001e63f876000, 0x000001e63f879000, 0x000001e640130000, 0x000001e640135800,
0x000001e640224800, 0x000001e64022e000, 0x000001e640694000, 0x000001e640686800,
0x000001e6406b1800
}

Java Threads: ( => current thread )
  0x000001e62155f800 JavaThread "main" [_thread_in_vm, id=24392, stack(0x00000057df800000,0x00000057df900000)]
  0x000001e63f84b800 JavaThread "Reference Handler" daemon [_thread_blocked, id=25072, stack(0x00000057dff00000,0x00000057e0000000)]
  0x000001e63f855800 JavaThread "Finalizer" daemon [_thread_blocked, id=24600, stack(0x00000057e0000000,0x00000057e0100000)]
  0x000001e6400d3000 JavaThread "Signal Dispatcher" daemon [_thread_blocked, id=24892, stack(0x00000057e0100000,0x00000057e0200000)]
  0x000001e63f876000 JavaThread "Attach Listener" daemon [_thread_blocked, id=23768, stack(0x00000057e0200000,0x00000057e0300000)]
=>0x000001e63f879000 JavaThread "C2 CompilerThread0" daemon [_thread_in_native, id=24884, stack(0x00000057e0300000,0x00000057e0400000)]
  0x000001e640130000 JavaThread "C1 CompilerThread0" daemon [_thread_in_native, id=24784, stack(0x00000057e0400000,0x00000057e0500000)]
  0x000001e640135800 JavaThread "Sweeper thread" daemon [_thread_blocked, id=24760, stack(0x00000057e0500000,0x00000057e0600000)]
  0x000001e640224800 JavaThread "Service Thread" daemon [_thread_blocked, id=8168, stack(0x00000057e0600000,0x00000057e0700000)]
  0x000001e64022e000 JavaThread "Common-Cleaner" daemon [_thread_blocked, id=25552, stack(0x00000057e0800000,0x00000057e0900000)]
  0x000001e640694000 JavaThread "Java2D Disposer" daemon [_thread_blocked, id=17204, stack(0x00000057e0a00000,0x00000057e0b00000)]
  0x000001e640686800 JavaThread "AWT-Shutdown" [_thread_blocked, id=24524, stack(0x00000057e0b00000,0x00000057e0c00000)]
  0x000001e6406b1800 JavaThread "AWT-Windows" daemon [_thread_in_native, id=25052, stack(0x00000057e0c00000,0x00000057e0d00000)]

Other Threads:
  0x000001e63f826000 VMThread "VM Thread" [stack: 0x00000057dfe00000,0x00000057dff00000] [id=22468]
  0x000001e64022b800 WatcherThread [stack: 0x00000057e0700000,0x00000057e0800000] [id=17736]
  0x000001e621574800 GCTaskThread "GC Thread#0" [stack: 0x00000057df900000,0x00000057dfa00000] [id=25060]
  0x000001e6215a5000 ConcurrentGCThread "G1 Main Marker" [stack: 0x00000057dfa00000,0x00000057dfb00000] [id=25036]
  0x000001e6215a7800 ConcurrentGCThread "G1 Conc#0" [stack: 0x00000057dfb00000,0x00000057dfc00000] [id=22480]
  0x000001e62163c800 ConcurrentGCThread "G1 Refine#0" [stack: 0x00000057dfc00000,0x00000057dfd00000] [id=25016]
  0x000001e62163e000 ConcurrentGCThread "G1 Young RemSet Sampling" [stack: 0x00000057dfd00000,0x00000057dfe00000] [id=25012]

Threads with active compile tasks:
C2 CompilerThread0 680       4       jdk.internal.org.objectweb.asm.Frame::execute (2264 bytes)
C1 CompilerThread0 740       3       sun.invoke.util.VerifyAccess::isMemberAccessible (313 bytes)

VM state:not at safepoint (normal execution)

VM Mutex/Monitor currently owned by a thread: None

Heap address: 0x0000000082000000, size: 2016 MB, Compressed Oops mode: 32-bit
Narrow klass base: 0x0000000000000000, Narrow klass shift: 3
Compressed class space size: 1073741824 Address: 0x0000000100000000

Heap:
 garbage-first heap   total 129024K, used 7168K [0x0000000082000000, 0x0000000100000000)
  region size 1024K, 8 young (8192K), 0 survivors (0K)
 Metaspace       used 12723K, capacity 13155K, committed 13312K, reserved 1060864K
  class space    used 1289K, capacity 1455K, committed 1536K, reserved 1048576K
Heap Regions: E=young(eden), S=young(survivor), O=old, HS=humongous(starts), HC=humongous(continues), CS=collection set, F=free, A=archive, TAMS=top-at-mark-start (previous, next)
|   0|0x0000000082000000, 0x0000000082000000, 0x0000000082100000|  0%| F|  |TAMS 0x0000000082000000, 0x0000000082000000| Untracked 
|   1|0x0000000082100000, 0x0000000082100000, 0x0000000082200000|  0%| F|  |TAMS 0x0000000082100000, 0x0000000082100000| Untracked 
|   2|0x0000000082200000, 0x0000000082200000, 0x0000000082300000|  0%| F|  |TAMS 0x0000000082200000, 0x0000000082200000| Untracked 
|   3|0x0000000082300000, 0x0000000082300000, 0x0000000082400000|  0%| F|  |TAMS 0x0000000082300000, 0x0000000082300000| Untracked 
|   4|0x0000000082400000, 0x0000000082400000, 0x0000000082500000|  0%| F|  |TAMS 0x0000000082400000, 0x0000000082400000| Untracked 
|   5|0x0000000082500000, 0x0000000082500000, 0x0000000082600000|  0%| F|  |TAMS 0x0000000082500000, 0x0000000082500000| Untracked 
|   6|0x0000000082600000, 0x0000000082600000, 0x0000000082700000|  0%| F|  |TAMS 0x0000000082600000, 0x0000000082600000| Untracked 
|   7|0x0000000082700000, 0x0000000082700000, 0x0000000082800000|  0%| F|  |TAMS 0x0000000082700000, 0x0000000082700000| Untracked 
|   8|0x0000000082800000, 0x0000000082800000, 0x0000000082900000|  0%| F|  |TAMS 0x0000000082800000, 0x0000000082800000| Untracked 
|   9|0x0000000082900000, 0x0000000082900000, 0x0000000082a00000|  0%| F|  |TAMS 0x0000000082900000, 0x0000000082900000| Untracked 
|  10|0x0000000082a00000, 0x0000000082a00000, 0x0000000082b00000|  0%| F|  |TAMS 0x0000000082a00000, 0x0000000082a00000| Untracked 
|  11|0x0000000082b00000, 0x0000000082b00000, 0x0000000082c00000|  0%| F|  |TAMS 0x0000000082b00000, 0x0000000082b00000| Untracked 
|  12|0x0000000082c00000, 0x0000000082c00000, 0x0000000082d00000|  0%| F|  |TAMS 0x0000000082c00000, 0x0000000082c00000| Untracked 
|  13|0x0000000082d00000, 0x0000000082d00000, 0x0000000082e00000|  0%| F|  |TAMS 0x0000000082d00000, 0x0000000082d00000| Untracked 
|  14|0x0000000082e00000, 0x0000000082e00000, 0x0000000082f00000|  0%| F|  |TAMS 0x0000000082e00000, 0x0000000082e00000| Untracked 
|  15|0x0000000082f00000, 0x0000000082f00000, 0x0000000083000000|  0%| F|  |TAMS 0x0000000082f00000, 0x0000000082f00000| Untracked 
|  16|0x0000000083000000, 0x0000000083000000, 0x0000000083100000|  0%| F|  |TAMS 0x0000000083000000, 0x0000000083000000| Untracked 
|  17|0x0000000083100000, 0x0000000083100000, 0x0000000083200000|  0%| F|  |TAMS 0x0000000083100000, 0x0000000083100000| Untracked 
|  18|0x0000000083200000, 0x0000000083200000, 0x0000000083300000|  0%| F|  |TAMS 0x0000000083200000, 0x0000000083200000| Untracked 
|  19|0x0000000083300000, 0x0000000083300000, 0x0000000083400000|  0%| F|  |TAMS 0x0000000083300000, 0x0000000083300000| Untracked 
|  20|0x0000000083400000, 0x0000000083400000, 0x0000000083500000|  0%| F|  |TAMS 0x0000000083400000, 0x0000000083400000| Untracked 
|  21|0x0000000083500000, 0x0000000083500000, 0x0000000083600000|  0%| F|  |TAMS 0x0000000083500000, 0x0000000083500000| Untracked 
|  22|0x0000000083600000, 0x0000000083600000, 0x0000000083700000|  0%| F|  |TAMS 0x0000000083600000, 0x0000000083600000| Untracked 
|  23|0x0000000083700000, 0x0000000083700000, 0x0000000083800000|  0%| F|  |TAMS 0x0000000083700000, 0x0000000083700000| Untracked 
|  24|0x0000000083800000, 0x0000000083800000, 0x0000000083900000|  0%| F|  |TAMS 0x0000000083800000, 0x0000000083800000| Untracked 
|  25|0x0000000083900000, 0x0000000083900000, 0x0000000083a00000|  0%| F|  |TAMS 0x0000000083900000, 0x0000000083900000| Untracked 
|  26|0x0000000083a00000, 0x0000000083a00000, 0x0000000083b00000|  0%| F|  |TAMS 0x0000000083a00000, 0x0000000083a00000| Untracked 
|  27|0x0000000083b00000, 0x0000000083b00000, 0x0000000083c00000|  0%| F|  |TAMS 0x0000000083b00000, 0x0000000083b00000| Untracked 
|  28|0x0000000083c00000, 0x0000000083c00000, 0x0000000083d00000|  0%| F|  |TAMS 0x0000000083c00000, 0x0000000083c00000| Untracked 
|  29|0x0000000083d00000, 0x0000000083d00000, 0x0000000083e00000|  0%| F|  |TAMS 0x0000000083d00000, 0x0000000083d00000| Untracked 
|  30|0x0000000083e00000, 0x0000000083e00000, 0x0000000083f00000|  0%| F|  |TAMS 0x0000000083e00000, 0x0000000083e00000| Untracked 
|  31|0x0000000083f00000, 0x0000000083f00000, 0x0000000084000000|  0%| F|  |TAMS 0x0000000083f00000, 0x0000000083f00000| Untracked 
|  32|0x0000000084000000, 0x0000000084000000, 0x0000000084100000|  0%| F|  |TAMS 0x0000000084000000, 0x0000000084000000| Untracked 
|  33|0x0000000084100000, 0x0000000084100000, 0x0000000084200000|  0%| F|  |TAMS 0x0000000084100000, 0x0000000084100000| Untracked 
|  34|0x0000000084200000, 0x0000000084200000, 0x0000000084300000|  0%| F|  |TAMS 0x0000000084200000, 0x0000000084200000| Untracked 
|  35|0x0000000084300000, 0x0000000084300000, 0x0000000084400000|  0%| F|  |TAMS 0x0000000084300000, 0x0000000084300000| Untracked 
|  36|0x0000000084400000, 0x0000000084400000, 0x0000000084500000|  0%| F|  |TAMS 0x0000000084400000, 0x0000000084400000| Untracked 
|  37|0x0000000084500000, 0x0000000084500000, 0x0000000084600000|  0%| F|  |TAMS 0x0000000084500000, 0x0000000084500000| Untracked 
|  38|0x0000000084600000, 0x0000000084600000, 0x0000000084700000|  0%| F|  |TAMS 0x0000000084600000, 0x0000000084600000| Untracked 
|  39|0x0000000084700000, 0x0000000084700000, 0x0000000084800000|  0%| F|  |TAMS 0x0000000084700000, 0x0000000084700000| Untracked 
|  40|0x0000000084800000, 0x0000000084800000, 0x0000000084900000|  0%| F|  |TAMS 0x0000000084800000, 0x0000000084800000| Untracked 
|  41|0x0000000084900000, 0x0000000084900000, 0x0000000084a00000|  0%| F|  |TAMS 0x0000000084900000, 0x0000000084900000| Untracked 
|  42|0x0000000084a00000, 0x0000000084a00000, 0x0000000084b00000|  0%| F|  |TAMS 0x0000000084a00000, 0x0000000084a00000| Untracked 
|  43|0x0000000084b00000, 0x0000000084b00000, 0x0000000084c00000|  0%| F|  |TAMS 0x0000000084b00000, 0x0000000084b00000| Untracked 
|  44|0x0000000084c00000, 0x0000000084c00000, 0x0000000084d00000|  0%| F|  |TAMS 0x0000000084c00000, 0x0000000084c00000| Untracked 
|  45|0x0000000084d00000, 0x0000000084d00000, 0x0000000084e00000|  0%| F|  |TAMS 0x0000000084d00000, 0x0000000084d00000| Untracked 
|  46|0x0000000084e00000, 0x0000000084e00000, 0x0000000084f00000|  0%| F|  |TAMS 0x0000000084e00000, 0x0000000084e00000| Untracked 
|  47|0x0000000084f00000, 0x0000000084f00000, 0x0000000085000000|  0%| F|  |TAMS 0x0000000084f00000, 0x0000000084f00000| Untracked 
|  48|0x0000000085000000, 0x0000000085000000, 0x0000000085100000|  0%| F|  |TAMS 0x0000000085000000, 0x0000000085000000| Untracked 
|  49|0x0000000085100000, 0x0000000085100000, 0x0000000085200000|  0%| F|  |TAMS 0x0000000085100000, 0x0000000085100000| Untracked 
|  50|0x0000000085200000, 0x0000000085200000, 0x0000000085300000|  0%| F|  |TAMS 0x0000000085200000, 0x0000000085200000| Untracked 
|  51|0x0000000085300000, 0x0000000085300000, 0x0000000085400000|  0%| F|  |TAMS 0x0000000085300000, 0x0000000085300000| Untracked 
|  52|0x0000000085400000, 0x0000000085400000, 0x0000000085500000|  0%| F|  |TAMS 0x0000000085400000, 0x0000000085400000| Untracked 
|  53|0x0000000085500000, 0x0000000085500000, 0x0000000085600000|  0%| F|  |TAMS 0x0000000085500000, 0x0000000085500000| Untracked 
|  54|0x0000000085600000, 0x0000000085600000, 0x0000000085700000|  0%| F|  |TAMS 0x0000000085600000, 0x0000000085600000| Untracked 
|  55|0x0000000085700000, 0x0000000085700000, 0x0000000085800000|  0%| F|  |TAMS 0x0000000085700000, 0x0000000085700000| Untracked 
|  56|0x0000000085800000, 0x0000000085800000, 0x0000000085900000|  0%| F|  |TAMS 0x0000000085800000, 0x0000000085800000| Untracked 
|  57|0x0000000085900000, 0x0000000085900000, 0x0000000085a00000|  0%| F|  |TAMS 0x0000000085900000, 0x0000000085900000| Untracked 
|  58|0x0000000085a00000, 0x0000000085a00000, 0x0000000085b00000|  0%| F|  |TAMS 0x0000000085a00000, 0x0000000085a00000| Untracked 
|  59|0x0000000085b00000, 0x0000000085b00000, 0x0000000085c00000|  0%| F|  |TAMS 0x0000000085b00000, 0x0000000085b00000| Untracked 
|  60|0x0000000085c00000, 0x0000000085c00000, 0x0000000085d00000|  0%| F|  |TAMS 0x0000000085c00000, 0x0000000085c00000| Untracked 
|  61|0x0000000085d00000, 0x0000000085d00000, 0x0000000085e00000|  0%| F|  |TAMS 0x0000000085d00000, 0x0000000085d00000| Untracked 
|  62|0x0000000085e00000, 0x0000000085e00000, 0x0000000085f00000|  0%| F|  |TAMS 0x0000000085e00000, 0x0000000085e00000| Untracked 
|  63|0x0000000085f00000, 0x0000000085f00000, 0x0000000086000000|  0%| F|  |TAMS 0x0000000085f00000, 0x0000000085f00000| Untracked 
|  64|0x0000000086000000, 0x0000000086000000, 0x0000000086100000|  0%| F|  |TAMS 0x0000000086000000, 0x0000000086000000| Untracked 
|  65|0x0000000086100000, 0x0000000086100000, 0x0000000086200000|  0%| F|  |TAMS 0x0000000086100000, 0x0000000086100000| Untracked 
|  66|0x0000000086200000, 0x0000000086200000, 0x0000000086300000|  0%| F|  |TAMS 0x0000000086200000, 0x0000000086200000| Untracked 
|  67|0x0000000086300000, 0x0000000086300000, 0x0000000086400000|  0%| F|  |TAMS 0x0000000086300000, 0x0000000086300000| Untracked 
|  68|0x0000000086400000, 0x0000000086400000, 0x0000000086500000|  0%| F|  |TAMS 0x0000000086400000, 0x0000000086400000| Untracked 
|  69|0x0000000086500000, 0x0000000086500000, 0x0000000086600000|  0%| F|  |TAMS 0x0000000086500000, 0x0000000086500000| Untracked 
|  70|0x0000000086600000, 0x0000000086600000, 0x0000000086700000|  0%| F|  |TAMS 0x0000000086600000, 0x0000000086600000| Untracked 
|  71|0x0000000086700000, 0x0000000086700000, 0x0000000086800000|  0%| F|  |TAMS 0x0000000086700000, 0x0000000086700000| Untracked 
|  72|0x0000000086800000, 0x0000000086800000, 0x0000000086900000|  0%| F|  |TAMS 0x0000000086800000, 0x0000000086800000| Untracked 
|  73|0x0000000086900000, 0x0000000086900000, 0x0000000086a00000|  0%| F|  |TAMS 0x0000000086900000, 0x0000000086900000| Untracked 
|  74|0x0000000086a00000, 0x0000000086a00000, 0x0000000086b00000|  0%| F|  |TAMS 0x0000000086a00000, 0x0000000086a00000| Untracked 
|  75|0x0000000086b00000, 0x0000000086b00000, 0x0000000086c00000|  0%| F|  |TAMS 0x0000000086b00000, 0x0000000086b00000| Untracked 
|  76|0x0000000086c00000, 0x0000000086c00000, 0x0000000086d00000|  0%| F|  |TAMS 0x0000000086c00000, 0x0000000086c00000| Untracked 
|  77|0x0000000086d00000, 0x0000000086d00000, 0x0000000086e00000|  0%| F|  |TAMS 0x0000000086d00000, 0x0000000086d00000| Untracked 
|  78|0x0000000086e00000, 0x0000000086e00000, 0x0000000086f00000|  0%| F|  |TAMS 0x0000000086e00000, 0x0000000086e00000| Untracked 
|  79|0x0000000086f00000, 0x0000000086f00000, 0x0000000087000000|  0%| F|  |TAMS 0x0000000086f00000, 0x0000000086f00000| Untracked 
|  80|0x0000000087000000, 0x0000000087000000, 0x0000000087100000|  0%| F|  |TAMS 0x0000000087000000, 0x0000000087000000| Untracked 
|  81|0x0000000087100000, 0x0000000087100000, 0x0000000087200000|  0%| F|  |TAMS 0x0000000087100000, 0x0000000087100000| Untracked 
|  82|0x0000000087200000, 0x0000000087200000, 0x0000000087300000|  0%| F|  |TAMS 0x0000000087200000, 0x0000000087200000| Untracked 
|  83|0x0000000087300000, 0x0000000087300000, 0x0000000087400000|  0%| F|  |TAMS 0x0000000087300000, 0x0000000087300000| Untracked 
|  84|0x0000000087400000, 0x0000000087400000, 0x0000000087500000|  0%| F|  |TAMS 0x0000000087400000, 0x0000000087400000| Untracked 
|  85|0x0000000087500000, 0x0000000087500000, 0x0000000087600000|  0%| F|  |TAMS 0x0000000087500000, 0x0000000087500000| Untracked 
|  86|0x0000000087600000, 0x0000000087600000, 0x0000000087700000|  0%| F|  |TAMS 0x0000000087600000, 0x0000000087600000| Untracked 
|  87|0x0000000087700000, 0x0000000087700000, 0x0000000087800000|  0%| F|  |TAMS 0x0000000087700000, 0x0000000087700000| Untracked 
|  88|0x0000000087800000, 0x0000000087800000, 0x0000000087900000|  0%| F|  |TAMS 0x0000000087800000, 0x0000000087800000| Untracked 
|  89|0x0000000087900000, 0x0000000087900000, 0x0000000087a00000|  0%| F|  |TAMS 0x0000000087900000, 0x0000000087900000| Untracked 
|  90|0x0000000087a00000, 0x0000000087a00000, 0x0000000087b00000|  0%| F|  |TAMS 0x0000000087a00000, 0x0000000087a00000| Untracked 
|  91|0x0000000087b00000, 0x0000000087b00000, 0x0000000087c00000|  0%| F|  |TAMS 0x0000000087b00000, 0x0000000087b00000| Untracked 
|  92|0x0000000087c00000, 0x0000000087c00000, 0x0000000087d00000|  0%| F|  |TAMS 0x0000000087c00000, 0x0000000087c00000| Untracked 
|  93|0x0000000087d00000, 0x0000000087d00000, 0x0000000087e00000|  0%| F|  |TAMS 0x0000000087d00000, 0x0000000087d00000| Untracked 
|  94|0x0000000087e00000, 0x0000000087e00000, 0x0000000087f00000|  0%| F|  |TAMS 0x0000000087e00000, 0x0000000087e00000| Untracked 
|  95|0x0000000087f00000, 0x0000000087f00000, 0x0000000088000000|  0%| F|  |TAMS 0x0000000087f00000, 0x0000000087f00000| Untracked 
|  96|0x0000000088000000, 0x0000000088000000, 0x0000000088100000|  0%| F|  |TAMS 0x0000000088000000, 0x0000000088000000| Untracked 
|  97|0x0000000088100000, 0x0000000088100000, 0x0000000088200000|  0%| F|  |TAMS 0x0000000088100000, 0x0000000088100000| Untracked 
|  98|0x0000000088200000, 0x0000000088200000, 0x0000000088300000|  0%| F|  |TAMS 0x0000000088200000, 0x0000000088200000| Untracked 
|  99|0x0000000088300000, 0x0000000088300000, 0x0000000088400000|  0%| F|  |TAMS 0x0000000088300000, 0x0000000088300000| Untracked 
| 100|0x0000000088400000, 0x0000000088400000, 0x0000000088500000|  0%| F|  |TAMS 0x0000000088400000, 0x0000000088400000| Untracked 
| 101|0x0000000088500000, 0x0000000088500000, 0x0000000088600000|  0%| F|  |TAMS 0x0000000088500000, 0x0000000088500000| Untracked 
| 102|0x0000000088600000, 0x0000000088600000, 0x0000000088700000|  0%| F|  |TAMS 0x0000000088600000, 0x0000000088600000| Untracked 
| 103|0x0000000088700000, 0x0000000088700000, 0x0000000088800000|  0%| F|  |TAMS 0x0000000088700000, 0x0000000088700000| Untracked 
| 104|0x0000000088800000, 0x0000000088800000, 0x0000000088900000|  0%| F|  |TAMS 0x0000000088800000, 0x0000000088800000| Untracked 
| 105|0x0000000088900000, 0x0000000088900000, 0x0000000088a00000|  0%| F|  |TAMS 0x0000000088900000, 0x0000000088900000| Untracked 
| 106|0x0000000088a00000, 0x0000000088a00000, 0x0000000088b00000|  0%| F|  |TAMS 0x0000000088a00000, 0x0000000088a00000| Untracked 
| 107|0x0000000088b00000, 0x0000000088b00000, 0x0000000088c00000|  0%| F|  |TAMS 0x0000000088b00000, 0x0000000088b00000| Untracked 
| 108|0x0000000088c00000, 0x0000000088c00000, 0x0000000088d00000|  0%| F|  |TAMS 0x0000000088c00000, 0x0000000088c00000| Untracked 
| 109|0x0000000088d00000, 0x0000000088d00000, 0x0000000088e00000|  0%| F|  |TAMS 0x0000000088d00000, 0x0000000088d00000| Untracked 
| 110|0x0000000088e00000, 0x0000000088e00000, 0x0000000088f00000|  0%| F|  |TAMS 0x0000000088e00000, 0x0000000088e00000| Untracked 
| 111|0x0000000088f00000, 0x0000000088f00000, 0x0000000089000000|  0%| F|  |TAMS 0x0000000088f00000, 0x0000000088f00000| Untracked 
| 112|0x0000000089000000, 0x0000000089000000, 0x0000000089100000|  0%| F|  |TAMS 0x0000000089000000, 0x0000000089000000| Untracked 
| 113|0x0000000089100000, 0x0000000089100000, 0x0000000089200000|  0%| F|  |TAMS 0x0000000089100000, 0x0000000089100000| Untracked 
| 114|0x0000000089200000, 0x0000000089200000, 0x0000000089300000|  0%| F|  |TAMS 0x0000000089200000, 0x0000000089200000| Untracked 
| 115|0x0000000089300000, 0x0000000089300000, 0x0000000089400000|  0%| F|  |TAMS 0x0000000089300000, 0x0000000089300000| Untracked 
| 116|0x0000000089400000, 0x0000000089400000, 0x0000000089500000|  0%| F|  |TAMS 0x0000000089400000, 0x0000000089400000| Untracked 
| 117|0x0000000089500000, 0x0000000089500000, 0x0000000089600000|  0%| F|  |TAMS 0x0000000089500000, 0x0000000089500000| Untracked 
| 118|0x0000000089600000, 0x0000000089700000, 0x0000000089700000|100%| E|  |TAMS 0x0000000089600000, 0x0000000089600000| Complete 
| 119|0x0000000089700000, 0x0000000089800000, 0x0000000089800000|100%| E|CS|TAMS 0x0000000089700000, 0x0000000089700000| Complete 
| 120|0x0000000089800000, 0x0000000089900000, 0x0000000089900000|100%| E|CS|TAMS 0x0000000089800000, 0x0000000089800000| Complete 
| 121|0x0000000089900000, 0x0000000089a00000, 0x0000000089a00000|100%| E|CS|TAMS 0x0000000089900000, 0x0000000089900000| Complete 
| 122|0x0000000089a00000, 0x0000000089b00000, 0x0000000089b00000|100%| E|CS|TAMS 0x0000000089a00000, 0x0000000089a00000| Complete 
| 123|0x0000000089b00000, 0x0000000089c00000, 0x0000000089c00000|100%| E|CS|TAMS 0x0000000089b00000, 0x0000000089b00000| Complete 
| 124|0x0000000089c00000, 0x0000000089d00000, 0x0000000089d00000|100%| E|CS|TAMS 0x0000000089c00000, 0x0000000089c00000| Complete 
| 125|0x0000000089d00000, 0x0000000089e00000, 0x0000000089e00000|100%| E|CS|TAMS 0x0000000089d00000, 0x0000000089d00000| Complete 

Card table byte_map: [0x000001e638c80000,0x000001e639070000] _byte_map_base: 0x000001e638870000

Marking Bits (Prev, Next): (CMBitMap*) 0x000001e62159c4a8, (CMBitMap*) 0x000001e62159c4e0
 Prev Bits: [0x000001e639460000, 0x000001e63b3e0000)
 Next Bits: [0x000001e63b3e0000, 0x000001e63d360000)

Polling page: 0x000001e61f380000

Metaspace:

Usage:
  Non-class:     11.43 MB capacity,    11.17 MB ( 98%) used,   229.15 KB (  2%) free+waste,    36.56 KB ( <1%) overhead. 
      Class:      1.42 MB capacity,     1.26 MB ( 89%) used,   145.61 KB ( 10%) free+waste,    20.13 KB (  1%) overhead. 
       Both:     12.85 MB capacity,    12.43 MB ( 97%) used,   374.76 KB (  3%) free+waste,    56.69 KB ( <1%) overhead. 

Virtual space:
  Non-class space:       12.00 MB reserved,      11.50 MB ( 96%) committed 
      Class space:        1.00 GB reserved,       1.50 MB ( <1%) committed 
             Both:        1.01 GB reserved,      13.00 MB (  1%) committed 

Chunk freelists:
   Non-Class:  1.50 KB
       Class:  2.13 KB
        Both:  3.63 KB

CodeHeap 'non-profiled nmethods': size=120064Kb used=212Kb max_used=212Kb free=119851Kb
 bounds [0x000001e631350000, 0x000001e6315c0000, 0x000001e638890000]
CodeHeap 'profiled nmethods': size=120000Kb used=1208Kb max_used=1208Kb free=118791Kb
 bounds [0x000001e629e20000, 0x000001e62a090000, 0x000001e631350000]
CodeHeap 'non-nmethods': size=5696Kb used=1144Kb max_used=1152Kb free=4551Kb
 bounds [0x000001e629890000, 0x000001e629b00000, 0x000001e629e20000]
 total_blobs=1341 nmethods=736 adapters=390
 compilation: enabled
              stopped_count=0, restarted_count=0
 full_count=0

Compilation events (10 events):
Event: 0.513 Thread 0x000001e640130000 nmethod 730 0x000001e629f4a490 code [0x000001e629f4a6c0, 0x000001e629f4ae90]
Event: 0.513 Thread 0x000001e640130000  733       3       java.lang.StringUTF16::checkBoundsOffCount (10 bytes)
Event: 0.513 Thread 0x000001e640130000 nmethod 733 0x000001e629f4b190 code [0x000001e629f4b360, 0x000001e629f4b530]
Event: 0.513 Thread 0x000001e640130000  731       3       java.util.regex.Pattern$$Lambda$128/0x0000000100159c40::is (9 bytes)
Event: 0.513 Thread 0x000001e640130000 nmethod 731 0x000001e629f4b610 code [0x000001e629f4b7c0, 0x000001e629f4b9d8]
Event: 0.513 Thread 0x000001e640130000  732       3       java.util.regex.Pattern::lambda$Single$8 (11 bytes)
Event: 0.513 Thread 0x000001e640130000 nmethod 732 0x000001e629f4ba90 code [0x000001e629f4bc40, 0x000001e629f4bdd8]
Event: 0.514 Thread 0x000001e640130000  734       3       java.lang.StringConcatHelper::mixLen (10 bytes)
Event: 0.514 Thread 0x000001e640130000 nmethod 734 0x000001e629f4be90 code [0x000001e629f4c080, 0x000001e629f4c430]
Event: 0.514 Thread 0x000001e640130000  735       3       java.lang.invoke.DirectMethodHandle$Holder::invokeStatic (15 bytes)

GC Heap History (0 events):
No events

Deoptimization events (5 events):
Event: 0.224 Thread 0x000001e62155f800 Uncommon trap: reason=unstable_if action=reinterpret pc=0x000001e63135526c method=java.lang.String.hashCode()I @ 14 c2
Event: 0.318 Thread 0x000001e62155f800 Uncommon trap: reason=unstable_if action=reinterpret pc=0x000001e63135859c method=java.lang.String.charAt(I)C @ 4 c2
Event: 0.409 Thread 0x000001e62155f800 Uncommon trap: reason=unstable_if action=reinterpret pc=0x000001e631365b04 method=java.lang.String.hashCode()I @ 22 c2
Event: 0.456 Thread 0x000001e62155f800 Uncommon trap: reason=unstable_if action=reinterpret pc=0x000001e63137a1a8 method=jdk.internal.org.objectweb.asm.Type.getArgumentsAndReturnSizes(Ljava/lang/String;)I @ 88 c2
Event: 0.492 Thread 0x000001e62155f800 Uncommon trap: reason=unstable_if action=reinterpret pc=0x000001e631367b1c method=java.lang.String.equals(Ljava/lang/Object;)Z @ 27 c2

Classes redefined (0 events):
No events

Internal exceptions (10 events):
Event: 0.339 Thread 0x000001e62155f800 Exception <a 'java/io/FileNotFoundException'{0x0000000089a3e998}> (0x0000000089a3e998) thrown at [t:/workspace/open/src/hotspot/share/prims/jni.cpp, line 615]
Event: 0.388 Thread 0x000001e6406b1800 Exception <a 'java/lang/NoSuchMethodError'{0x0000000089adcb40}: java.lang.invoke.DirectMethodHandle$Holder.invokeSpecial(Ljava/lang/Object;Ljava/lang/Object;)V> (0x0000000089adcb40) thrown at [t:/workspace/open/src/hotspot/share/interpreter/linkResolver.c
Event: 0.391 Thread 0x000001e62155f800 Exception <a 'java/lang/NoSuchMethodError'{0x0000000089916db8}: java.lang.invoke.DirectMethodHandle$Holder.invokeStatic(Ljava/lang/Object;Ljava/lang/Object;Ljava/lang/Object;Ljava/lang/Object;Ljava/lang/Object;Ljava/lang/Object;Ljava/lang/Object;Ljava/lan
Event: 0.392 Thread 0x000001e62155f800 Exception <a 'java/lang/NoSuchMethodError'{0x0000000089930d10}: java.lang.invoke.DirectMethodHandle$Holder.invokeStatic(Ljava/lang/Object;Ljava/lang/Object;Ljava/lang/Object;Ljava/lang/Object;Ljava/lang/Object;Ljava/lang/Object;Ljava/lang/Object;Ljava/lan
Event: 0.424 Thread 0x000001e62155f800 Exception <a 'java/lang/NoSuchMethodError'{0x0000000089849008}: java.lang.invoke.DirectMethodHandle$Holder.invokeStatic(Ljava/lang/Object;ILjava/lang/Object;Ljava/lang/Object;Ljava/lang/Object;Ljava/lang/Object;)Ljava/lang/Object;> (0x0000000089849008) th
Event: 0.424 Thread 0x000001e62155f800 Exception <a 'java/lang/NoSuchMethodError'{0x00000000898500c8}: java.lang.invoke.DirectMethodHandle$Holder.invokeStatic(Ljava/lang/Object;ILjava/lang/Object;Ljava/lang/Object;Ljava/lang/Object;)Ljava/lang/Object;> (0x00000000898500c8) thrown at [t:/worksp
Event: 0.424 Thread 0x000001e62155f800 Exception <a 'java/lang/NoSuchMethodError'{0x0000000089853c08}: java.lang.invoke.DirectMethodHandle$Holder.invokeSpecial(Ljava/lang/Object;Ljava/lang/Object;ILjava/lang/Object;Ljava/lang/Object;Ljava/lang/Object;)Ljava/lang/Object;> (0x0000000089853c08) t
Event: 0.442 Thread 0x000001e62155f800 Exception <a 'java/lang/ClassNotFoundException'{0x000000008971af00}: com/sun/swing/internal/plaf/metal/resources/spi/metalProvider> (0x000000008971af00) thrown at [t:/workspace/open/src/hotspot/share/classfile/systemDictionary.cpp, line 231]
Event: 0.443 Thread 0x000001e62155f800 Exception <a 'java/lang/ClassNotFoundException'{0x00000000897219f8}: com/sun/swing/internal/plaf/basic/resources/spi/basicProvider> (0x00000000897219f8) thrown at [t:/workspace/open/src/hotspot/share/classfile/systemDictionary.cpp, line 231]
Event: 0.490 Thread 0x000001e62155f800 Exception <a 'java/lang/ClassNotFoundException'{0x000000008967e9e0}: sun/util/logging/resources/spi/loggingProvider> (0x000000008967e9e0) thrown at [t:/workspace/open/src/hotspot/share/classfile/systemDictionary.cpp, line 231]

Events (10 events):
Event: 0.513 loading class java/awt/peer/CanvasPeer
Event: 0.513 loading class java/awt/peer/CanvasPeer done
Event: 0.513 loading class sun/awt/windows/WCanvasPeer done
Event: 0.513 loading class sun/awt/windows/WPanelPeer done
Event: 0.513 loading class sun/awt/windows/WWindowPeer done
Event: 0.513 loading class sun/awt/windows/WFramePeer done
Event: 0.514 loading class sun/awt/windows/WWindowPeer$ActiveWindowListener
Event: 0.514 loading class sun/awt/windows/WWindowPeer$ActiveWindowListener done
Event: 0.514 loading class sun/awt/windows/WWindowPeer$GuiDisposedListener
Event: 0.514 loading class sun/awt/windows/WWindowPeer$GuiDisposedListener done


Dynamic libraries:
0x00007ff666d10000 - 0x00007ff666d57000 	C:\Program Files\Java\jdk-11.0.2\bin\javaw.exe
0x00007ffda5a70000 - 0x00007ffda5c51000 	C:\WINDOWS\SYSTEM32\ntdll.dll
0x00007ffda3ac0000 - 0x00007ffda3b71000 	C:\WINDOWS\System32\KERNEL32.DLL
0x00007ffda2840000 - 0x00007ffda2ab3000 	C:\WINDOWS\System32\KERNELBASE.dll
0x00007ffda3520000 - 0x00007ffda35c1000 	C:\WINDOWS\System32\ADVAPI32.dll
0x00007ffda30f0000 - 0x00007ffda318e000 	C:\WINDOWS\System32\msvcrt.dll
0x00007ffda3190000 - 0x00007ffda31eb000 	C:\WINDOWS\System32\sechost.dll
0x00007ffda35d0000 - 0x00007ffda36f4000 	C:\WINDOWS\System32\RPCRT4.dll
0x00007ffda3e00000 - 0x00007ffda3f90000 	C:\WINDOWS\System32\USER32.dll
0x00007ffda2bc0000 - 0x00007ffda2be0000 	C:\WINDOWS\System32\win32u.dll
0x00007ffda3990000 - 0x00007ffda39b8000 	C:\WINDOWS\System32\GDI32.dll
0x00007ffda2be0000 - 0x00007ffda2d72000 	C:\WINDOWS\System32\gdi32full.dll
0x00007ffda27a0000 - 0x00007ffda283f000 	C:\WINDOWS\System32\msvcp_win.dll
0x00007ffda2ac0000 - 0x00007ffda2bb8000 	C:\WINDOWS\System32\ucrtbase.dll
0x00007ffd92f30000 - 0x00007ffd93199000 	C:\WINDOWS\WinSxS\amd64_microsoft.windows.common-controls_6595b64144ccf1df_6.0.17134.765_none_fb42a1a930655896\COMCTL32.dll
0x00007ffda31f0000 - 0x00007ffda3512000 	C:\WINDOWS\System32\combase.dll
0x00007ffda2dd0000 - 0x00007ffda2e4a000 	C:\WINDOWS\System32\bcryptPrimitives.dll
0x00007ffd93240000 - 0x00007ffd9324a000 	C:\WINDOWS\SYSTEM32\VERSION.dll
0x00007ffda3a90000 - 0x00007ffda3abd000 	C:\WINDOWS\System32\IMM32.DLL
0x00007ffd9dc50000 - 0x00007ffd9dc66000 	C:\Program Files\Java\jdk-11.0.2\bin\vcruntime140.dll
0x00007ffd9caa0000 - 0x00007ffd9cb4a000 	C:\Program Files\Java\jdk-11.0.2\bin\msvcp140.dll
0x00007ffd3e150000 - 0x00007ffd3ec77000 	C:\Program Files\Java\jdk-11.0.2\bin\server\jvm.dll
0x00007ffda53e0000 - 0x00007ffda53e8000 	C:\WINDOWS\System32\PSAPI.DLL
0x00007ffd902c0000 - 0x00007ffd902c9000 	C:\WINDOWS\SYSTEM32\WSOCK32.dll
0x00007ffda54a0000 - 0x00007ffda550c000 	C:\WINDOWS\System32\WS2_32.dll
0x00007ffd9f870000 - 0x00007ffd9f893000 	C:\WINDOWS\SYSTEM32\WINMM.dll
0x00007ffd9f720000 - 0x00007ffd9f74a000 	C:\WINDOWS\SYSTEM32\WINMMBASE.dll
0x00007ffda2d80000 - 0x00007ffda2dc9000 	C:\WINDOWS\System32\cfgmgr32.dll
0x00007ffda1e20000 - 0x00007ffda1e31000 	C:\WINDOWS\System32\kernel.appcore.dll
0x00007ffd9ccd0000 - 0x00007ffd9cce1000 	C:\Program Files\Java\jdk-11.0.2\bin\verify.dll
0x00007ffda0790000 - 0x00007ffda0959000 	C:\WINDOWS\SYSTEM32\DBGHELP.DLL
0x00007ffd8af30000 - 0x00007ffd8af59000 	C:\WINDOWS\SYSTEM32\dbgcore.DLL
0x00007ffd98d70000 - 0x00007ffd98d99000 	C:\Program Files\Java\jdk-11.0.2\bin\java.dll
0x00007ffd9c6e0000 - 0x00007ffd9c6f6000 	C:\Program Files\Java\jdk-11.0.2\bin\zip.dll
0x00007ffd9ce60000 - 0x00007ffd9ce6a000 	C:\Program Files\Java\jdk-11.0.2\bin\jimage.dll
0x00007ffda3f90000 - 0x00007ffda53d0000 	C:\WINDOWS\System32\SHELL32.dll
0x00007ffda53f0000 - 0x00007ffda5499000 	C:\WINDOWS\System32\shcore.dll
0x00007ffda2090000 - 0x00007ffda279d000 	C:\WINDOWS\System32\windows.storage.dll
0x00007ffda3080000 - 0x00007ffda30d1000 	C:\WINDOWS\System32\shlwapi.dll
0x00007ffda1db0000 - 0x00007ffda1dcf000 	C:\WINDOWS\System32\profapi.dll
0x00007ffda1dd0000 - 0x00007ffda1e1c000 	C:\WINDOWS\System32\powrprof.dll
0x00007ffda1da0000 - 0x00007ffda1daa000 	C:\WINDOWS\System32\FLTLIB.DLL
0x00007ffd9bd60000 - 0x00007ffd9bd79000 	C:\Program Files\Java\jdk-11.0.2\bin\net.dll
0x00007ffd97db0000 - 0x00007ffd97f78000 	C:\WINDOWS\SYSTEM32\urlmon.dll
0x00007ffd95f60000 - 0x00007ffd9603d000 	C:\WINDOWS\SYSTEM32\WINHTTP.dll
0x00007ffd97b00000 - 0x00007ffd97da7000 	C:\WINDOWS\SYSTEM32\iertutil.dll
0x00007ffda17d0000 - 0x00007ffda17db000 	C:\WINDOWS\SYSTEM32\CRYPTBASE.DLL
0x00007ffda1600000 - 0x00007ffda1666000 	C:\WINDOWS\system32\mswsock.dll
0x00007ffd9b170000 - 0x00007ffd9b183000 	C:\Program Files\Java\jdk-11.0.2\bin\nio.dll
0x00007ffd718b0000 - 0x00007ffd71a4f000 	C:\Program Files\Java\jdk-11.0.2\bin\awt.dll
0x00007ffda39c0000 - 0x00007ffda3a82000 	C:\WINDOWS\System32\OLEAUT32.dll
0x00007ffd9eae0000 - 0x00007ffd9f0a7000 	C:\WINDOWS\SYSTEM32\d2d1.dll
0x00007ffd9fc70000 - 0x00007ffd9fcfb000 	C:\WINDOWS\SYSTEM32\apphelp.dll
0x00007ffda03c0000 - 0x00007ffda03e9000 	C:\WINDOWS\system32\DWMAPI.DLL
0x00007ffda0080000 - 0x00007ffda0118000 	C:\WINDOWS\system32\uxtheme.dll
0x00007ffd8e8f0000 - 0x00007ffd8ea10000 	C:\WINDOWS\system32\opengl32.dll
0x00007ffd8e6e0000 - 0x00007ffd8e70c000 	C:\WINDOWS\SYSTEM32\GLU32.dll
0x00007ffda2f00000 - 0x00007ffda3073000 	C:\WINDOWS\System32\MSCTF.dll
0x00007ffda3b80000 - 0x00007ffda3cd1000 	C:\WINDOWS\System32\ole32.dll

dbghelp: loaded successfully - version: 4.0.5 - missing functions: none
symbol engine: initialized successfully - sym options: 0x614 - pdb path: .;C:\Program Files\Java\jdk-11.0.2\bin;C:\WINDOWS\SYSTEM32;C:\WINDOWS\WinSxS\amd64_microsoft.windows.common-controls_6595b64144ccf1df_6.0.17134.765_none_fb42a1a930655896;C:\Program Files\Java\jdk-11.0.2\bin\server

VM Arguments:
jvm_args: -Dfile.encoding=GBK 
java_command: applications.AtomStructureUI
java_class_path (initial): D:\eclipse\Lab4-1170300320\target\classes;C:\Users\14854\.p2\pool\plugins\org.junit_4.12.0.v201504281640\junit.jar;C:\Users\14854\.p2\pool\plugins\org.hamcrest.core_1.3.0.v20180420-1519.jar;C:\Users\14854\Desktop\eclemma-3.1.2.zip
Launcher Type: SUN_STANDARD

[Global flags]
     intx CICompilerCount                          = 3                                         {product} {ergonomic}
     uint ConcGCThreads                            = 1                                         {product} {ergonomic}
     uint G1ConcRefinementThreads                  = 4                                         {product} {ergonomic}
   size_t G1HeapRegionSize                         = 1048576                                   {product} {ergonomic}
    uintx GCDrainStackTargetSize                   = 64                                        {product} {ergonomic}
   size_t InitialHeapSize                          = 132120576                                 {product} {ergonomic}
   size_t MarkStackSize                            = 4194304                                   {product} {ergonomic}
   size_t MaxHeapSize                              = 2113929216                                {product} {ergonomic}
   size_t MaxNewSize                               = 1267728384                                {product} {ergonomic}
   size_t MinHeapDeltaBytes                        = 1048576                                   {product} {ergonomic}
    uintx NonNMethodCodeHeapSize                   = 5830092                                {pd product} {ergonomic}
    uintx NonProfiledCodeHeapSize                  = 122914074                              {pd product} {ergonomic}
    uintx ProfiledCodeHeapSize                     = 122914074                              {pd product} {ergonomic}
    uintx ReservedCodeCacheSize                    = 251658240                              {pd product} {ergonomic}
     bool SegmentedCodeCache                       = true                                      {product} {ergonomic}
     bool UseCompressedClassPointers               = true                                 {lp64_product} {ergonomic}
     bool UseCompressedOops                        = true                                 {lp64_product} {ergonomic}
     bool UseG1GC                                  = true                                      {product} {ergonomic}
     bool UseLargePagesIndividualAllocation        = false                                  {pd product} {ergonomic}

Logging:
Log output configuration:
 #0: stdout all=warning uptime,level,tags
 #1: stderr all=off uptime,level,tags

Environment Variables:
PATH=C:/Program Files/Java/jdk-11.0.2/bin/server;C:/Program Files/Java/jdk-11.0.2/bin;C:\Program Files (x86)\Intel\iCLS Client\;C:\Program Files\Intel\iCLS Client\;C:\Windows\system32;C:\Windows;C:\Windows\System32\Wbem;C:\Windows\System32\WindowsPowerShell\v1.0\;C:\Program Files (x86)\Intel\Intel(R) Management Engine Components\DAL;C:\Program Files\Intel\Intel(R) Management Engine Components\DAL;C:\Program Files (x86)\Intel\Intel(R) Management Engine Components\IPT;C:\Program Files\Intel\Intel(R) Management Engine Components\IPT;C:\Program Files\Intel\WiFi\bin\;C:\Program Files\Common Files\Intel\WirelessCommon\;C:\Program Files (x86)\NVIDIA Corporation\PhysX\Common;C:\WINDOWS\system32;C:\WINDOWS;C:\WINDOWS\System32\Wbem;C:\WINDOWS\System32\WindowsPowerShell\v1.0\;C:\WINDOWS\System32\OpenSSH\;D:\Git\cmd;C:\Users\14854\AppData\Local\Microsoft\WindowsApps;C:\Users\14854\AppData\Local\GitHubDesktop\bin;C:\Users\14854\Desktop;
USERNAME=14854
OS=Windows_NT
PROCESSOR_IDENTIFIER=Intel64 Family 6 Model 158 Stepping 9, GenuineIntel



---------------  S Y S T E M  ---------------

OS: Windows 10 , 64 bit Build 17134 (10.0.17134.753)

CPU:total 4 (initial active 4) (4 cores per cpu, 1 threads per core) family 6 model 158 stepping 9, cmov, cx8, fxsr, mmx, sse, sse2, sse3, ssse3, sse4.1, sse4.2, popcnt, avx, avx2, aes, clmul, erms, 3dnowpref, lzcnt, tsc, tscinvbit, bmi1, bmi2, adx, fma

Memory: 4k page, system-wide physical 8058M (1223M free)
TotalPageFile size 23229M (AvailPageFile size 4M)
current process WorkingSet (physical memory assigned to process): 58M, peak: 58M
current process commit charge ("private bytes"): 209M, peak: 209M

vm_info: Java HotSpot(TM) 64-Bit Server VM (11.0.2+9-LTS) for windows-amd64 JRE (11.0.2+9-LTS), built on Jan 18 2019 05:24:10 by "mach5one" with MS VC++ 15.5 (VS2017)

END.
